# JRE version: OpenJDK Runtime Environment (8.0_212-b04) (build 1.8.0_212-release-1586-b04)
# Java VM: OpenJDK 64-Bit Server VM (25.212-b04 mixed mode windows-amd64 compressed oops)
Heap:
 PSYoungGen      total 54272K, used 11106K [0x00000000e0000000, 0x00000000e4080000, 0x0000000100000000)
  eden space 44544K, 21% used [0x00000000e0000000,0x00000000e0974d20,0x00000000e2b80000)
  from space 9728K, 14% used [0x00000000e3580000,0x00000000e36e3e70,0x00000000e3f00000)
  to   space 10240K, 0% used [0x00000000e2b80000,0x00000000e2b80000,0x00000000e3580000)
 ParOldGen       total 42496K, used 15335K [0x00000000a0000000, 0x00000000a2980000, 0x00000000e0000000)
  object space 42496K, 36% used [0x00000000a0000000,0x00000000a0ef9dc8,0x00000000a2980000)
 Metaspace       used 30208K, capacity 30702K, committed 30976K, reserved 1075200K
  class space    used 4136K, capacity 4333K, committed 4352K, reserved 1048576K
GC Heap History (10 events):
Event: 106.030 GC heap before
{Heap before GC invocations=9 (full 1):
 PSYoungGen      total 34816K, used 34372K [0x00000000e0000000, 0x00000000e2f80000, 0x0000000100000000)
  eden space 29184K, 100% used [0x00000000e0000000,0x00000000e1c80000,0x00000000e1c80000)
  from space 5632K, 92% used [0x00000000e1d00000,0x00000000e2211208,0x00000000e2280000)
  to   space 9728K, 0% used [0x00000000e2600000,0x00000000e2600000,0x00000000e2f80000)
 ParOldGen       total 42496K, used 8138K [0x00000000a0000000, 0x00000000a2980000, 0x00000000e0000000)
  object space 42496K, 19% used [0x00000000a0000000,0x00000000a07f2a78,0x00000000a2980000)
 Metaspace       used 28008K, capacity 28414K, committed 28544K, reserved 1073152K
  class space    used 3781K, capacity 3936K, committed 3968K, reserved 1048576K
Event: 106.047 GC heap after
Heap after GC invocations=9 (full 1):
 PSYoungGen      total 37888K, used 5122K [0x00000000e0000000, 0x00000000e2f00000, 0x0000000100000000)
  eden space 28672K, 0% used [0x00000000e0000000,0x00000000e0000000,0x00000000e1c00000)
  from space 9216K, 55% used [0x00000000e2600000,0x00000000e2b00990,0x00000000e2f00000)
  to   space 9728K, 0% used [0x00000000e1c00000,0x00000000e1c00000,0x00000000e2580000)
 ParOldGen       total 42496K, used 8146K [0x00000000a0000000, 0x00000000a2980000, 0x00000000e0000000)
  object space 42496K, 19% used [0x00000000a0000000,0x00000000a07f4a78,0x00000000a2980000)
 Metaspace       used 28008K, capacity 28414K, committed 28544K, reserved 1073152K
  class space    used 3781K, capacity 3936K, committed 3968K, reserved 1048576K
}
Event: 122.485 GC heap before
{Heap before GC invocations=10 (full 1):
 PSYoungGen      total 37888K, used 33794K [0x00000000e0000000, 0x00000000e2f00000, 0x0000000100000000)
  eden space 28672K, 100% used [0x00000000e0000000,0x00000000e1c00000,0x00000000e1c00000)
  from space 9216K, 55% used [0x00000000e2600000,0x00000000e2b00990,0x00000000e2f00000)
  to   space 9728K, 0% used [0x00000000e1c00000,0x00000000e1c00000,0x00000000e2580000)
 ParOldGen       total 42496K, used 8146K [0x00000000a0000000, 0x00000000a2980000, 0x00000000e0000000)
  object space 42496K, 19% used [0x00000000a0000000,0x00000000a07f4a78,0x00000000a2980000)
 Metaspace       used 29876K, capacity 30384K, committed 30720K, reserved 1075200K
  class space    used 4088K, capacity 4291K, committed 4352K, reserved 1048576K
Event: 122.502 GC heap after
Heap after GC invocations=10 (full 1):
 PSYoungGen      total 34304K, used 5993K [0x00000000e0000000, 0x00000000e2d80000, 0x0000000100000000)
  eden space 28160K, 0% used [0x00000000e0000000,0x00000000e0000000,0x00000000e1b80000)
  from space 6144K, 97% used [0x00000000e1c00000,0x00000000e21da6a0,0x00000000e2200000)
  to   space 9216K, 0% used [0x00000000e2480000,0x00000000e2480000,0x00000000e2d80000)
 ParOldGen       total 42496K, used 8154K [0x00000000a0000000, 0x00000000a2980000, 0x00000000e0000000)
  object space 42496K, 19% used [0x00000000a0000000,0x00000000a07f6a78,0x00000000a2980000)
 Metaspace       used 29876K, capacity 30384K, committed 30720K, reserved 1075200K
  class space    used 4088K, capacity 4291K, committed 4352K, reserved 1048576K
}
Event: 123.875 GC heap before
{Heap before GC invocations=11 (full 1):
 PSYoungGen      total 34304K, used 34153K [0x00000000e0000000, 0x00000000e2d80000, 0x0000000100000000)
  eden space 28160K, 100% used [0x00000000e0000000,0x00000000e1b80000,0x00000000e1b80000)
  from space 6144K, 97% used [0x00000000e1c00000,0x00000000e21da6a0,0x00000000e2200000)
  to   space 9216K, 0% used [0x00000000e2480000,0x00000000e2480000,0x00000000e2d80000)
 ParOldGen       total 42496K, used 8154K [0x00000000a0000000, 0x00000000a2980000, 0x00000000e0000000)
  object space 42496K, 19% used [0x00000000a0000000,0x00000000a07f6a78,0x00000000a2980000)
 Metaspace       used 29889K, capacity 30384K, committed 30720K, reserved 1075200K
  class space    used 4088K, capacity 4291K, committed 4352K, reserved 1048576K
Event: 123.925 GC heap after
Heap after GC invocations=11 (full 1):
 PSYoungGen      total 37376K, used 2360K [0x00000000e0000000, 0x00000000e2d80000, 0x0000000100000000)
  eden space 28160K, 0% used [0x00000000e0000000,0x00000000e0000000,0x00000000e1b80000)
  from space 9216K, 25% used [0x00000000e2480000,0x00000000e26ce1a8,0x00000000e2d80000)
  to   space 6144K, 0% used [0x00000000e1c00000,0x00000000e1c00000,0x00000000e2200000)
 ParOldGen       total 42496K, used 11554K [0x00000000a0000000, 0x00000000a2980000, 0x00000000e0000000)
  object space 42496K, 27% used [0x00000000a0000000,0x00000000a0b48958,0x00000000a2980000)
 Metaspace       used 29889K, capacity 30384K, committed 30720K, reserved 1075200K
  class space    used 4088K, capacity 4291K, committed 4352K, reserved 1048576K
}
Event: 124.134 GC heap before
{Heap before GC invocations=12 (full 1):
 PSYoungGen      total 37376K, used 30520K [0x00000000e0000000, 0x00000000e2d80000, 0x0000000100000000)
  eden space 28160K, 100% used [0x00000000e0000000,0x00000000e1b80000,0x00000000e1b80000)
  from space 9216K, 25% used [0x00000000e2480000,0x00000000e26ce1a8,0x00000000e2d80000)
  to   space 6144K, 0% used [0x00000000e1c00000,0x00000000e1c00000,0x00000000e2200000)
 ParOldGen       total 42496K, used 11554K [0x00000000a0000000, 0x00000000a2980000, 0x00000000e0000000)
  object space 42496K, 27% used [0x00000000a0000000,0x00000000a0b48958,0x00000000a2980000)
 Metaspace       used 29889K, capacity 30384K, committed 30720K, reserved 1075200K
  class space    used 4088K, capacity 4291K, committed 4352K, reserved 1048576K
Event: 124.153 GC heap after
Heap after GC invocations=12 (full 1):
 PSYoungGen      total 34816K, used 1494K [0x00000000e0000000, 0x00000000e3f00000, 0x0000000100000000)
  eden space 28672K, 0% used [0x00000000e0000000,0x00000000e0000000,0x00000000e1c00000)
  from space 6144K, 24% used [0x00000000e1c00000,0x00000000e1d75ba8,0x00000000e2200000)
  to   space 9728K, 0% used [0x00000000e3580000,0x00000000e3580000,0x00000000e3f00000)
 ParOldGen       total 42496K, used 13887K [0x00000000a0000000, 0x00000000a2980000, 0x00000000e0000000)
  object space 42496K, 32% used [0x00000000a0000000,0x00000000a0d8fdc8,0x00000000a2980000)
 Metaspace       used 29889K, capacity 30384K, committed 30720K, reserved 1075200K
  class space    used 4088K, capacity 4291K, committed 4352K, reserved 1048576K
}
Event: 125.142 GC heap before
{Heap before GC invocations=13 (full 1):
 PSYoungGen      total 34816K, used 30166K [0x00000000e0000000, 0x00000000e3f00000, 0x0000000100000000)
  eden space 28672K, 100% used [0x00000000e0000000,0x00000000e1c00000,0x00000000e1c00000)
  from space 6144K, 24% used [0x00000000e1c00000,0x00000000e1d75ba8,0x00000000e2200000)
  to   space 9728K, 0% used [0x00000000e3580000,0x00000000e3580000,0x00000000e3f00000)
 ParOldGen       total 42496K, used 13887K [0x00000000a0000000, 0x00000000a2980000, 0x00000000e0000000)
  object space 42496K, 32% used [0x00000000a0000000,0x00000000a0d8fdc8,0x00000000a2980000)
 Metaspace       used 29912K, capacity 30448K, committed 30720K, reserved 1075200K
  class space    used 4090K, capacity 4291K, committed 4352K, reserved 1048576K
Event: 125.153 GC heap after
Heap after GC invocations=13 (full 1):
 PSYoungGen      total 54272K, used 1423K [0x00000000e0000000, 0x00000000e4080000, 0x0000000100000000)
  eden space 44544K, 0% used [0x00000000e0000000,0x00000000e0000000,0x00000000e2b80000)
  from space 9728K, 14% used [0x00000000e3580000,0x00000000e36e3e70,0x00000000e3f00000)
  to   space 10240K, 0% used [0x00000000e2b80000,0x00000000e2b80000,0x00000000e3580000)
 ParOldGen       total 42496K, used 15335K [0x00000000a0000000, 0x00000000a2980000, 0x00000000e0000000)
  object space 42496K, 36% used [0x00000000a0000000,0x00000000a0ef9dc8,0x00000000a2980000)
 Metaspace       used 29912K, capacity 30448K, committed 30720K, reserved 1075200K
  class space    used 4090K, capacity 4291K, committed 4352K, reserved 1048576K
}

