# JRE version: OpenJDK Runtime Environment (8.0_212-b04) (build 1.8.0_212-release-1586-b04)
# Java VM: OpenJDK 64-Bit Server VM (25.212-b04 mixed mode windows-amd64 compressed oops)
Heap:
 PSYoungGen      total 305664K, used 87365K [0x00000000e0000000, 0x00000000f5800000, 0x0000000100000000)
  eden space 262144K, 32% used [0x00000000e0000000,0x00000000e5391430,0x00000000f0000000)
  from space 43520K, 4% used [0x00000000f2c80000,0x00000000f2e40148,0x00000000f5700000)
  to   space 45056K, 0% used [0x00000000f0000000,0x00000000f0000000,0x00000000f2c00000)
 ParOldGen       total 181248K, used 90553K [0x00000000a0000000, 0x00000000ab100000, 0x00000000e0000000)
  object space 181248K, 49% used [0x00000000a0000000,0x00000000a586e5b0,0x00000000ab100000)
 Metaspace       used 137369K, capacity 149764K, committed 149912K, reserved 1179648K
  class space    used 17830K, capacity 20313K, committed 20376K, reserved 1048576K
GC Heap History (10 events):
Event: 6683.513 GC heap before
{Heap before GC invocations=66 (full 4):
 PSYoungGen      total 216064K, used 197479K [0x00000000e0000000, 0x00000000f1300000, 0x0000000100000000)
  eden space 172544K, 100% used [0x00000000e0000000,0x00000000ea880000,0x00000000ea880000)
  from space 43520K, 57% used [0x00000000ea880000,0x00000000ec0d9f38,0x00000000ed300000)
  to   space 42496K, 0% used [0x00000000ee980000,0x00000000ee980000,0x00000000f1300000)
 ParOldGen       total 181248K, used 72399K [0x00000000a0000000, 0x00000000ab100000, 0x00000000e0000000)
  object space 181248K, 39% used [0x00000000a0000000,0x00000000a46b3f28,0x00000000ab100000)
 Metaspace       used 137124K, capacity 149504K, committed 149656K, reserved 1179648K
  class space    used 17822K, capacity 20279K, committed 20376K, reserved 1048576K
Event: 6684.231 GC heap after
Heap after GC invocations=66 (full 4):
 PSYoungGen      total 239616K, used 22184K [0x00000000e0000000, 0x00000000f1700000, 0x0000000100000000)
  eden space 197120K, 0% used [0x00000000e0000000,0x00000000e0000000,0x00000000ec080000)
  from space 42496K, 52% used [0x00000000ee980000,0x00000000eff2a288,0x00000000f1300000)
  to   space 41984K, 0% used [0x00000000ec080000,0x00000000ec080000,0x00000000ee980000)
 ParOldGen       total 181248K, used 79141K [0x00000000a0000000, 0x00000000ab100000, 0x00000000e0000000)
  object space 181248K, 43% used [0x00000000a0000000,0x00000000a4d49628,0x00000000ab100000)
 Metaspace       used 137124K, capacity 149504K, committed 149656K, reserved 1179648K
  class space    used 17822K, capacity 20279K, committed 20376K, reserved 1048576K
}
Event: 6687.051 GC heap before
{Heap before GC invocations=67 (full 4):
 PSYoungGen      total 239616K, used 219304K [0x00000000e0000000, 0x00000000f1700000, 0x0000000100000000)
  eden space 197120K, 100% used [0x00000000e0000000,0x00000000ec080000,0x00000000ec080000)
  from space 42496K, 52% used [0x00000000ee980000,0x00000000eff2a288,0x00000000f1300000)
  to   space 41984K, 0% used [0x00000000ec080000,0x00000000ec080000,0x00000000ee980000)
 ParOldGen       total 181248K, used 79141K [0x00000000a0000000, 0x00000000ab100000, 0x00000000e0000000)
  object space 181248K, 43% used [0x00000000a0000000,0x00000000a4d49628,0x00000000ab100000)
 Metaspace       used 137181K, capacity 149616K, committed 149912K, reserved 1179648K
  class space    used 17825K, capacity 20313K, committed 20376K, reserved 1048576K
Event: 6687.142 GC heap after
Heap after GC invocations=67 (full 4):
 PSYoungGen      total 239104K, used 18733K [0x00000000e0000000, 0x00000000f3200000, 0x0000000100000000)
  eden space 197120K, 0% used [0x00000000e0000000,0x00000000e0000000,0x00000000ec080000)
  from space 41984K, 44% used [0x00000000ec080000,0x00000000ed2cb408,0x00000000ee980000)
  to   space 41984K, 0% used [0x00000000f0900000,0x00000000f0900000,0x00000000f3200000)
 ParOldGen       total 181248K, used 83004K [0x00000000a0000000, 0x00000000ab100000, 0x00000000e0000000)
  object space 181248K, 45% used [0x00000000a0000000,0x00000000a510f0e8,0x00000000ab100000)
 Metaspace       used 137181K, capacity 149616K, committed 149912K, reserved 1179648K
  class space    used 17825K, capacity 20313K, committed 20376K, reserved 1048576K
}
Event: 6690.207 GC heap before
{Heap before GC invocations=68 (full 4):
 PSYoungGen      total 239104K, used 215853K [0x00000000e0000000, 0x00000000f3200000, 0x0000000100000000)
  eden space 197120K, 100% used [0x00000000e0000000,0x00000000ec080000,0x00000000ec080000)
  from space 41984K, 44% used [0x00000000ec080000,0x00000000ed2cb408,0x00000000ee980000)
  to   space 41984K, 0% used [0x00000000f0900000,0x00000000f0900000,0x00000000f3200000)
 ParOldGen       total 181248K, used 83004K [0x00000000a0000000, 0x00000000ab100000, 0x00000000e0000000)
  object space 181248K, 45% used [0x00000000a0000000,0x00000000a510f0e8,0x00000000ab100000)
 Metaspace       used 137260K, capacity 149628K, committed 149912K, reserved 1179648K
  class space    used 17825K, capacity 20313K, committed 20376K, reserved 1048576K
Event: 6690.343 GC heap after
Heap after GC invocations=68 (full 4):
 PSYoungGen      total 270848K, used 14692K [0x00000000e0000000, 0x00000000f3280000, 0x0000000100000000)
  eden space 228864K, 0% used [0x00000000e0000000,0x00000000e0000000,0x00000000edf80000)
  from space 41984K, 34% used [0x00000000f0900000,0x00000000f1759300,0x00000000f3200000)
  to   space 42496K, 0% used [0x00000000edf80000,0x00000000edf80000,0x00000000f0900000)
 ParOldGen       total 181248K, used 86136K [0x00000000a0000000, 0x00000000ab100000, 0x00000000e0000000)
  object space 181248K, 47% used [0x00000000a0000000,0x00000000a541e158,0x00000000ab100000)
 Metaspace       used 137260K, capacity 149628K, committed 149912K, reserved 1179648K
  class space    used 17825K, capacity 20313K, committed 20376K, reserved 1048576K
}
Event: 6693.867 GC heap before
{Heap before GC invocations=69 (full 4):
 PSYoungGen      total 270848K, used 243556K [0x00000000e0000000, 0x00000000f3280000, 0x0000000100000000)
  eden space 228864K, 100% used [0x00000000e0000000,0x00000000edf80000,0x00000000edf80000)
  from space 41984K, 34% used [0x00000000f0900000,0x00000000f1759300,0x00000000f3200000)
  to   space 42496K, 0% used [0x00000000edf80000,0x00000000edf80000,0x00000000f0900000)
 ParOldGen       total 181248K, used 86136K [0x00000000a0000000, 0x00000000ab100000, 0x00000000e0000000)
  object space 181248K, 47% used [0x00000000a0000000,0x00000000a541e158,0x00000000ab100000)
 Metaspace       used 137330K, capacity 149696K, committed 149912K, reserved 1179648K
  class space    used 17830K, capacity 20313K, committed 20376K, reserved 1048576K
Event: 6693.938 GC heap after
Heap after GC invocations=69 (full 4):
 PSYoungGen      total 271360K, used 9629K [0x00000000e0000000, 0x00000000f5700000, 0x0000000100000000)
  eden space 228864K, 0% used [0x00000000e0000000,0x00000000e0000000,0x00000000edf80000)
  from space 42496K, 22% used [0x00000000edf80000,0x00000000ee8e74e8,0x00000000f0900000)
  to   space 43520K, 0% used [0x00000000f2c80000,0x00000000f2c80000,0x00000000f5700000)
 ParOldGen       total 181248K, used 90473K [0x00000000a0000000, 0x00000000ab100000, 0x00000000e0000000)
  object space 181248K, 49% used [0x00000000a0000000,0x00000000a585a5b0,0x00000000ab100000)
 Metaspace       used 137330K, capacity 149696K, committed 149912K, reserved 1179648K
  class space    used 17830K, capacity 20313K, committed 20376K, reserved 1048576K
}
Event: 6697.586 GC heap before
{Heap before GC invocations=70 (full 4):
 PSYoungGen      total 271360K, used 238493K [0x00000000e0000000, 0x00000000f5700000, 0x0000000100000000)
  eden space 228864K, 100% used [0x00000000e0000000,0x00000000edf80000,0x00000000edf80000)
  from space 42496K, 22% used [0x00000000edf80000,0x00000000ee8e74e8,0x00000000f0900000)
  to   space 43520K, 0% used [0x00000000f2c80000,0x00000000f2c80000,0x00000000f5700000)
 ParOldGen       total 181248K, used 90473K [0x00000000a0000000, 0x00000000ab100000, 0x00000000e0000000)
  object space 181248K, 49% used [0x00000000a0000000,0x00000000a585a5b0,0x00000000ab100000)
 Metaspace       used 137365K, capacity 149764K, committed 149912K, reserved 1179648K
  class space    used 17830K, capacity 20313K, committed 20376K, reserved 1048576K
Event: 6697.619 GC heap after
Heap after GC invocations=70 (full 4):
 PSYoungGen      total 305664K, used 1792K [0x00000000e0000000, 0x00000000f5800000, 0x0000000100000000)
  eden space 262144K, 0% used [0x00000000e0000000,0x00000000e0000000,0x00000000f0000000)
  from space 43520K, 4% used [0x00000000f2c80000,0x00000000f2e40148,0x00000000f5700000)
  to   space 45056K, 0% used [0x00000000f0000000,0x00000000f0000000,0x00000000f2c00000)
 ParOldGen       total 181248K, used 90553K [0x00000000a0000000, 0x00000000ab100000, 0x00000000e0000000)
  object space 181248K, 49% used [0x00000000a0000000,0x00000000a586e5b0,0x00000000ab100000)
 Metaspace       used 137365K, capacity 149764K, committed 149912K, reserved 1179648K
  class space    used 17830K, capacity 20313K, committed 20376K, reserved 1048576K
}

